<?xml version="1.0" encoding="UTF-8"?>
<!-- Generated by org.testng.reporters.JUnitXMLReporter -->
<testsuite ignored="0" hostname="DESKTOP-E6OTVN8" failures="0" tests="3" name="Test Login test parameter" time="95.488" errors="0" timestamp="2025-06-04T01:21:29 IST">
  <testcase classname="testNG2.ParameterDemo" name="openbrowser" time="34.498"/>
  <testcase classname="testNG2.ParameterDemo" name="loginPage" time="30.505"/>
  <testcase classname="testNG2.ParameterDemo" name="tearDown" time="30.364"/>
</testsuite> <!-- Test Login test parameter -->
