<?xml version="1.0" encoding="UTF-8"?>
<!-- Generated by org.testng.reporters.JUnitXMLReporter -->
<testsuite ignored="0" hostname="DESKTOP-E6OTVN8" failures="1" tests="3" name="Test" time="43.128" errors="0" timestamp="2025-03-27T16:18:49 IST">
  <testcase classname="testNG6_Listners.OrangeHRM" name="tesLogo" time="30.071"/>
  <testcase classname="testNG6_Listners.OrangeHRM" name="testUrl" time="0.021">
    <failure type="java.lang.AssertionError" message="expected [https://opensource-demo.orangehrmlive.com] but found [https://opensource-demo.orangehrmlive.com/web/index.php/auth/login]">
      <![CDATA[java.lang.AssertionError: expected [https://opensource-demo.orangehrmlive.com] but found [https://opensource-demo.orangehrmlive.com/web/index.php/auth/login]
at testNG6_Listners.OrangeHRM.testUrl(OrangeHRM.java:39)
at java.base/java.util.ArrayList.forEach(ArrayList.java:1596)
... Removed 31 stack frames]]>
    </failure>
  </testcase> <!-- testUrl -->
  <testcase classname="testNG6_Listners.OrangeHRM" name="testTitle" time="0.0">
    <skipped/>
  </testcase> <!-- testTitle -->
</testsuite> <!-- Test -->
