<?xml version="1.0" encoding="UTF-8"?>
<!-- Generated by org.testng.reporters.JUnitXMLReporter -->
<testsuite ignored="0" hostname="DESKTOP-E6OTVN8" failures="0" tests="3" name="Test2" time="67.485" errors="0" timestamp="2025-03-26T18:02:31 IST">
  <testcase classname="testNG5_DataProvider_ParallelTest.ParallelTest" name="tesLogo" time="30.512"/>
  <testcase classname="testNG5_DataProvider_ParallelTest.ParallelTest" name="testTitle" time="0.063"/>
  <testcase classname="testNG5_DataProvider_ParallelTest.ParallelTest" name="testUrl" time="0.011"/>
</testsuite> <!-- Test2 -->
