<?xml version="1.0" encoding="UTF-8"?>
<!-- Generated by org.testng.reporters.JUnitXMLReporter -->
<testsuite ignored="0" hostname="DESKTOP-E6OTVN8" failures="0" tests="7" name="Test" time="101.366" errors="0" timestamp="2025-06-24T10:39:02 IST">
  <testcase classname="testNG.LoginValidCredential" name="openbrowser" time="12.37"/>
  <testcase classname="testNG.OrangeHRM" name="openbrowser" time="14.497"/>
  <testcase classname="testNG.LoginValidCredential" name="loginPage" time="4.547"/>
  <testcase classname="testNG.LoginValidCredential" name="tearDown" time="6.67"/>
  <testcase classname="testNG.LoginInvalidCredential" name="openbrowser" time="39.399"/>
  <testcase classname="testNG.LoginInvalidCredential" name="loginPage" time="31.608"/>
  <testcase classname="testNG.LoginInvalidCredential" name="tearDown" time="30.236"/>
</testsuite> <!-- Test -->
