<?xml version="1.0" encoding="UTF-8"?>
<!-- Generated by org.testng.reporters.JUnitXMLReporter -->
<testsuite ignored="6" hostname="DESKTOP-E6OTVN8" failures="0" tests="2" name="groupingtests" time="0.092" errors="0" timestamp="2025-03-24T08:53:55 IST">
  <testcase classname="testNG4_Group.PaymentInTest" name="paymentInRupees" time="0.015"/>
  <testcase classname="testNG4_Group.PaymentInTest" name="paymentInDollars" time="0.003"/>
  <testcase classname="testNG4_Group.LoginTest" name="loginBytwitter" time="0.0">
    <ignored/>
  </testcase> <!-- loginBytwitter -->
  <testcase classname="testNG4_Group.LoginTest" name="loginByemail" time="0.0">
    <ignored/>
  </testcase> <!-- loginByemail -->
  <testcase classname="testNG4_Group.SignUpByTest" name="signupBytwitter" time="0.0">
    <ignored/>
  </testcase> <!-- signupBytwitter -->
  <testcase classname="testNG4_Group.SignUpByTest" name="signupByemail" time="0.0">
    <ignored/>
  </testcase> <!-- signupByemail -->
  <testcase classname="testNG4_Group.LoginTest" name="loginByfacebook" time="0.0">
    <ignored/>
  </testcase> <!-- loginByfacebook -->
  <testcase classname="testNG4_Group.SignUpByTest" name="signupByfacebook" time="0.0">
    <ignored/>
  </testcase> <!-- signupByfacebook -->
</testsuite> <!-- groupingtests -->
