<?xml version="1.0" encoding="UTF-8"?>
<!-- Generated by org.testng.reporters.JUnitReportReporter -->
<testsuite hostname="DESKTOP-E6OTVN8" failures="0" tests="3" name="testNG.LoginValidCredential" time="23.587" errors="0" timestamp="2025-06-24T10:39:02 IST" skipped="0">
  <testcase classname="testNG.LoginValidCredential" name="openbrowser" time="12.370"/>
  <testcase classname="testNG.LoginValidCredential" name="loginPage" time="4.547"/>
  <testcase classname="testNG.LoginValidCredential" name="tearDown" time="6.670"/>
</testsuite> <!-- testNG.LoginValidCredential -->
