<?xml version="1.0" encoding="UTF-8"?>
<!-- Generated by org.testng.reporters.JUnitReportReporter -->
<testsuite hostname="DESKTOP-E6OTVN8" failures="0" tests="9" name="testNG5_DataProvider_ParallelTest.ParallelTest" time="90.773" errors="0" timestamp="2025-03-26T18:03:41 IST" skipped="0">
  <testcase classname="testNG5_DataProvider_ParallelTest.ParallelTest" name="tesLogo" time="30.512"/>
  <testcase classname="testNG5_DataProvider_ParallelTest.ParallelTest" name="tesLogo" time="30.076"/>
  <testcase classname="testNG5_DataProvider_ParallelTest.ParallelTest" name="tesLogo" time="30.068"/>
  <testcase classname="testNG5_DataProvider_ParallelTest.ParallelTest" name="testTitle" time="0.011"/>
  <testcase classname="testNG5_DataProvider_ParallelTest.ParallelTest" name="testTitle" time="0.014"/>
  <testcase classname="testNG5_DataProvider_ParallelTest.ParallelTest" name="testTitle" time="0.063"/>
  <testcase classname="testNG5_DataProvider_ParallelTest.ParallelTest" name="testUrl" time="0.007"/>
  <testcase classname="testNG5_DataProvider_ParallelTest.ParallelTest" name="testUrl" time="0.011"/>
  <testcase classname="testNG5_DataProvider_ParallelTest.ParallelTest" name="testUrl" time="0.011"/>
</testsuite> <!-- testNG5_DataProvider_ParallelTest.ParallelTest -->
