<?xml version="1.0" encoding="UTF-8"?>
<!-- Generated by org.testng.reporters.JUnitReportReporter -->
<testsuite hostname="DESKTOP-E6OTVN8" failures="0" tests="3" name="testNG.Login" time="94.423" errors="0" timestamp="2025-05-31T19:00:34 IST" skipped="0">
  <testcase classname="testNG.Login" name="openbrowser" time="33.909"/>
  <testcase classname="testNG.Login" name="loginPage" time="30.402"/>
  <testcase classname="testNG.Login" name="tearDown" time="30.112"/>
</testsuite> <!-- testNG.Login -->
