<?xml version="1.0" encoding="UTF-8"?>
<!-- Generated by org.testng.reporters.JUnitReportReporter -->
<testsuite hostname="DESKTOP-E6OTVN8" failures="0" tests="3" name="extentManager.LoginInvalidCredential" time="99.521" errors="0" timestamp="2025-07-30T08:45:40 IST" skipped="0">
  <testcase classname="extentManager.LoginInvalidCredential" name="openbrowser" time="38.822"/>
  <testcase classname="extentManager.LoginInvalidCredential" name="loginPage" time="30.452"/>
  <testcase classname="extentManager.LoginInvalidCredential" name="tearDown" time="30.247"/>
</testsuite> <!-- extentManager.LoginInvalidCredential -->
