<?xml version="1.0" encoding="UTF-8"?>
<!-- Generated by org.testng.reporters.JUnitReportReporter -->
<testsuite hostname="DESKTOP-E6OTVN8" failures="0" tests="4" name="testNG2.DataProviderDemo" time="128.889" errors="0" timestamp="2025-06-04T01:04:00 IST" skipped="0">
  <testcase classname="testNG2.DataProviderDemo" name="openbrowser" time="36.821"/>
  <testcase classname="testNG2.DataProviderDemo" name="loginPage" time="31.241"/>
  <testcase classname="testNG2.DataProviderDemo" name="loginPage" time="30.558"/>
  <testcase classname="testNG2.DataProviderDemo" name="tearDown" time="30.269"/>
</testsuite> <!-- testNG2.DataProviderDemo -->
