<?xml version="1.0" encoding="UTF-8"?>
<!-- Generated by org.testng.reporters.JUnitReportReporter -->
<testsuite hostname="DESKTOP-E6OTVN8" failures="0" tests="3" name="testNG4_Group.LoginTest" time="0.020" errors="0" timestamp="2025-03-24T08:51:39 IST" skipped="0">
  <testcase classname="testNG4_Group.LoginTest" name="loginByemail" time="0.015"/>
  <testcase classname="testNG4_Group.LoginTest" name="loginBytwitter" time="0.002"/>
  <testcase classname="testNG4_Group.LoginTest" name="loginByfacebook" time="0.003"/>
</testsuite> <!-- testNG4_Group.LoginTest -->
