<?xml version="1.0" encoding="UTF-8"?>
<!-- Generated by org.testng.reporters.JUnitReportReporter -->
<testsuite hostname="DESKTOP-E6OTVN8" failures="0" tests="3" name="attributesInTestNG.DependsOnMethodsDemo" time="104.239" errors="0" timestamp="2025-06-11T17:51:09 IST" skipped="0">
  <testcase classname="attributesInTestNG.DependsOnMethodsDemo" name="openbrowser" time="39.029"/>
  <testcase classname="attributesInTestNG.DependsOnMethodsDemo" name="loginValidCredential" time="34.772"/>
  <testcase classname="attributesInTestNG.DependsOnMethodsDemo" name="tearDown" time="30.438"/>
</testsuite> <!-- attributesInTestNG.DependsOnMethodsDemo -->
