<?xml version="1.0" encoding="UTF-8"?>
<!-- Generated by org.testng.reporters.JUnitReportReporter -->
<testsuite hostname="DESKTOP-E6OTVN8" failures="0" tests="3" name="testNG4_Group.SignUpByTest" time="0.018" errors="0" timestamp="2025-03-24T08:52:24 IST" skipped="0">
  <testcase classname="testNG4_Group.SignUpByTest" name="signupByemail" time="0.014"/>
  <testcase classname="testNG4_Group.SignUpByTest" name="signupBytwitter" time="0.002"/>
  <testcase classname="testNG4_Group.SignUpByTest" name="signupByfacebook" time="0.002"/>
</testsuite> <!-- testNG4_Group.SignUpByTest -->
