<?xml version="1.0" encoding="UTF-8"?>
<!-- Generated by org.testng.reporters.JUnitReportReporter -->
<testsuite hostname="DESKTOP-E6OTVN8" failures="0" tests="4" name="annotationsInTestNg.Demo" time="132.448" errors="0" timestamp="2025-06-12T11:13:13 IST" skipped="0">
  <testcase classname="annotationsInTestNg.Demo" name="openbrowser" time="38.440"/>
  <testcase classname="annotationsInTestNg.Demo" name="loginPage" time="32.306"/>
  <testcase classname="annotationsInTestNg.Demo" name="loginPage" time="31.187"/>
  <testcase classname="annotationsInTestNg.Demo" name="tearDown" time="30.515"/>
</testsuite> <!-- annotationsInTestNg.Demo -->
