<?xml version="1.0" encoding="UTF-8"?>
<!-- Generated by org.testng.reporters.JUnitReportReporter -->
<testsuite hostname="DESKTOP-E6OTVN8" failures="0" tests="3" name="testNG.LoginInvalidCredential" time="101.243" errors="0" timestamp="2025-06-24T10:39:02 IST" skipped="0">
  <testcase classname="testNG.LoginInvalidCredential" name="openbrowser" time="39.399"/>
  <testcase classname="testNG.LoginInvalidCredential" name="loginPage" time="31.608"/>
  <testcase classname="testNG.LoginInvalidCredential" name="tearDown" time="30.236"/>
</testsuite> <!-- testNG.LoginInvalidCredential -->
