<?xml version="1.0" encoding="UTF-8"?>
<!-- Generated by org.testng.reporters.JUnitReportReporter -->
<testsuite hostname="DESKTOP-E6OTVN8" failures="0" tests="6" name="attributesInTestNG.AddInvocationCount" time="200.797" errors="0" timestamp="2025-06-11T17:41:08 IST" skipped="0">
  <testcase classname="attributesInTestNG.AddInvocationCount" name="openbrowser" time="42.602"/>
  <testcase classname="attributesInTestNG.AddInvocationCount" name="loginValidCredential" time="30.887"/>
  <testcase classname="attributesInTestNG.AddInvocationCount" name="loginValidCredential" time="32.218"/>
  <testcase classname="attributesInTestNG.AddInvocationCount" name="loginValidCredential" time="32.139"/>
  <testcase classname="attributesInTestNG.AddInvocationCount" name="loginValidCredential" time="31.655"/>
  <testcase classname="attributesInTestNG.AddInvocationCount" name="loginValidCredential" time="31.296"/>
</testsuite> <!-- attributesInTestNG.AddInvocationCount -->
