<?xml version="1.0" encoding="UTF-8"?>
<!-- Generated by org.testng.reporters.JUnitReportReporter -->
<testsuite hostname="DESKTOP-E6OTVN8" failures="0" tests="2" name="testNG4_Group.PaymentInTest" time="0.018" errors="0" timestamp="2025-03-24T08:53:55 IST" skipped="0">
  <testcase classname="testNG4_Group.PaymentInTest" name="paymentInRupees" time="0.015"/>
  <testcase classname="testNG4_Group.PaymentInTest" name="paymentInDollars" time="0.003"/>
</testsuite> <!-- testNG4_Group.PaymentInTest -->
