<?xml version="1.0" encoding="UTF-8"?>
<!-- Generated by org.testng.reporters.JUnitReportReporter -->
<testsuite hostname="DESKTOP-E6OTVN8" failures="0" tests="4" name="testNG.OrangeHRMPriority" time="7.495" errors="0" timestamp="2025-03-21T01:01:23 IST" skipped="0">
  <testcase classname="testNG.OrangeHRMPriority" name="openBrowser" time="5.811"/>
  <testcase classname="testNG.OrangeHRMPriority" name="testLogo" time="1.151"/>
  <testcase classname="testNG.OrangeHRMPriority" name="login" time="0.372"/>
  <testcase classname="testNG.OrangeHRMPriority" name="closeBrowser" time="0.161"/>
</testsuite> <!-- testNG.OrangeHRMPriority -->
